<?xml version="1.0" encoding="UTF-8"?>
<!-- Generated by org.testng.reporters.JUnitReportReporter -->
<testsuite skipped="0" hostname="MBP-cua-Ta" name="pe.tblUsers.TblUsersDAONGTest" tests="3" failures="0" timestamp="17 Jan 2024 01:23:11 GMT" time="0.342" errors="0">
  <testcase name="testValidLoginData" time="0.027" classname="pe.tblUsers.TblUsersDAONGTest"/>
  <testcase name="testValidLoginData" time="0.031" classname="pe.tblUsers.TblUsersDAONGTest"/>
  <testcase name="testInvalidLoginData" time="0.284" classname="pe.tblUsers.TblUsersDAONGTest"/>
</testsuite> <!-- pe.tblUsers.TblUsersDAONGTest -->
